<?xml version="1.0" encoding="UTF-8"?>
<testsuite name="com.mju.BackEnd.BackEndApplicationTests" tests="1" skipped="0" failures="0" errors="0" timestamp="2024-05-20T03:41:38" hostname="ip-172-31-37-56" time="1.89">
  <properties/>
  <testcase name="contextLoads()" classname="com.mju.BackEnd.BackEndApplicationTests" time="1.89"/>
  <system-out><![CDATA[03:41:32.270 [Test worker] INFO org.springframework.test.context.support.AnnotationConfigContextLoaderUtils -- Could not detect default configuration classes for test class [com.mju.BackEnd.BackEndApplicationTests]: BackEndApplicationTests does not declare any static, non-private, non-final, nested classes annotated with @Configuration.
03:41:32.537 [Test worker] INFO org.springframework.boot.test.context.SpringBootTestContextBootstrapper -- Found @SpringBootConfiguration com.mju.BackEnd.BackEndApplication for test class com.mju.BackEnd.BackEndApplicationTests

  .   ____          _            __ _ _
 /\\ / ___'_ __ _ _(_)_ __  __ _ \ \ \ \
( ( )\___ | '_ | '_| | '_ \/ _` | \ \ \ \
 \\/  ___)| |_)| | | | | || (_| |  ) ) ) )
  '  |____| .__|_| |_|_| |_\__, | / / / /
 =========|_|==============|___/=/_/_/_/
 :: Spring Boot ::                (v3.2.4)

2024-05-20T03:41:33.502Z  INFO 1084 --- [BackEnd] [    Test worker] c.mju.BackEnd.BackEndApplicationTests    : Starting BackEndApplicationTests using Java 21.0.3 with PID 1084 (started by ubuntu in /home/ubuntu/.ssh/BackEnd)
2024-05-20T03:41:33.507Z  INFO 1084 --- [BackEnd] [    Test worker] c.mju.BackEnd.BackEndApplicationTests    : The following 1 profile is active: "api"
2024-05-20T03:41:35.631Z  WARN 1084 --- [BackEnd] [    Test worker] trationDelegate$BeanPostProcessorChecker : Bean 'org.springframework.ws.config.annotation.DelegatingWsConfiguration' of type [org.springframework.ws.config.annotation.DelegatingWsConfiguration$$SpringCGLIB$$0] is not eligible for getting processed by all BeanPostProcessors (for example: not eligible for auto-proxying). The currently created BeanPostProcessor [annotationActionEndpointMapping] is declared through a non-static factory method on that class; consider declaring it as static instead.
2024-05-20T03:41:35.767Z  INFO 1084 --- [BackEnd] [    Test worker] .w.s.a.s.AnnotationActionEndpointMapping : Supporting [WS-Addressing August 2004, WS-Addressing 1.0]
2024-05-20T03:41:38.428Z  WARN 1084 --- [BackEnd] [    Test worker] ion$DefaultTemplateResolverConfiguration : Cannot find template location: classpath:/templates/ (please add some templates, check your Thymeleaf configuration, or set spring.thymeleaf.check-template-location=false)
2024-05-20T03:41:38.694Z  INFO 1084 --- [BackEnd] [    Test worker] c.mju.BackEnd.BackEndApplicationTests    : Started BackEndApplicationTests in 5.765 seconds (process running for 8.571)
]]></system-out>
  <system-err><![CDATA[WARNING: A Java agent has been loaded dynamically (/home/ubuntu/.gradle/caches/modules-2/files-2.1/net.bytebuddy/byte-buddy-agent/1.14.12/be4984cb6fd1ef1d11f218a648889dfda44b8a15/byte-buddy-agent-1.14.12.jar)
WARNING: If a serviceability tool is in use, please run with -XX:+EnableDynamicAgentLoading to hide this warning
WARNING: If a serviceability tool is not in use, please run with -Djdk.instrument.traceUsage for more information
WARNING: Dynamic loading of agents will be disallowed by default in a future release
]]></system-err>
</testsuite>
